<?xml version="1.0" encoding="UTF-8"?>
<!-- Generated by org.testng.reporters.JUnitReportReporter -->
<testsuite hostname="DESKTOP-5EVK54D" failures="0" tests="1" name="runner.PlaceOrderRunner" time="0.421" errors="0" timestamp="2023-11-30T07:38:06 IST" skipped="0">
  <testcase classname="runner.PlaceOrderRunner" name="runScenario" time="0.421"/>
  <system-out/>
</testsuite> <!-- runner.PlaceOrderRunner -->
