<?xml version="1.0" encoding="UTF-8"?>
<!-- Generated by org.testng.reporters.JUnitReportReporter -->
<testsuite hostname="DESKTOP-IQ2M59A" failures="0" tests="1" name="steps.P" time="0.018" errors="0" timestamp="2023-12-06T20:46:31 IST" skipped="0">
  <testcase classname="steps.P" name="testCase" time="0.018"/>
  <system-out/>
</testsuite> <!-- steps.P -->
