<?xml version="1.0" encoding="UTF-8"?>
<!-- Generated by org.testng.reporters.JUnitReportReporter -->
<testsuite hostname="DESKTOP-5EVK54D" failures="0" tests="3" name="runner.ProfileRunner" time="0.310" errors="0" timestamp="2023-11-22T08:29:04 IST" skipped="0">
  <testcase classname="runner.ProfileRunner" name="runScenario" time="0.255"/>
  <system-out/>
  <testcase classname="runner.ProfileRunner" name="runScenario" time="0.033"/>
  <system-out/>
  <testcase classname="runner.ProfileRunner" name="runScenario" time="0.022"/>
  <system-out/>
</testsuite> <!-- runner.ProfileRunner -->
