<?xml version="1.0" encoding="UTF-8"?>
<!-- Generated by org.testng.reporters.JUnitReportReporter -->
<testsuite hostname="DESKTOP-5EVK54D" failures="0" tests="2" name="runner.OrderRunner" time="0.770" errors="0" timestamp="2023-11-29T08:03:19 IST" skipped="0">
  <testcase classname="runner.OrderRunner" name="runScenario" time="0.123"/>
  <system-out/>
  <testcase classname="runner.OrderRunner" name="runScenario" time="0.647"/>
  <system-out/>
</testsuite> <!-- runner.OrderRunner -->
