<?xml version="1.0" encoding="UTF-8"?>
<!-- Generated by org.testng.reporters.JUnitReportReporter -->
<testsuite hostname="DESKTOP-5EVK54D" failures="0" tests="1" name="steps.C" time="0.027" errors="0" timestamp="2023-11-24T08:09:10 IST" skipped="0">
  <testcase classname="steps.C" name="testCase" time="0.027"/>
  <system-out/>
</testsuite> <!-- steps.C -->
