<?xml version="1.0" encoding="UTF-8"?>
<!-- Generated by org.testng.reporters.JUnitReportReporter -->
<testsuite hostname="DESKTOP-5EVK54D" failures="0" tests="1" name="runner.LoginWithDataRunner" time="0.341" errors="0" timestamp="2023-11-23T07:30:35 IST" skipped="0">
  <testcase classname="runner.LoginWithDataRunner" name="runScenario" time="0.341"/>
  <system-out/>
</testsuite> <!-- runner.LoginWithDataRunner -->
