<?xml version="1.0" encoding="UTF-8"?>
<!-- Generated by org.testng.reporters.JUnitReportReporter -->
<testsuite hostname="DESKTOP-IQ2M59A" failures="0" tests="4" name="uiappfeatures.AmazonRunnerTest" time="83.206" errors="0" timestamp="2024-04-09T18:00:12 IST" skipped="0">
  <testcase classname="uiappfeatures.AmazonRunnerTest" name="runScenario" time="11.314"/>
  <system-out/>
  <testcase classname="uiappfeatures.AmazonRunnerTest" name="runScenario" time="43.753"/>
  <system-out/>
  <testcase classname="uiappfeatures.AmazonRunnerTest" name="runScenario" time="13.372"/>
  <system-out/>
  <testcase classname="uiappfeatures.AmazonRunnerTest" name="runScenario" time="14.767"/>
  <system-out/>
</testsuite> <!-- uiappfeatures.AmazonRunnerTest -->
