<?xml version="1.0" encoding="UTF-8"?>
<!-- Generated by org.testng.reporters.JUnitReportReporter -->
<testsuite hostname="DESKTOP-IQ2M59A" failures="0" tests="2" name="runner.LoginRunner" time="2.810" errors="0" timestamp="2024-04-09T17:31:23 IST" skipped="0">
  <testcase classname="runner.LoginRunner" name="runScenario" time="2.375"/>
  <system-out/>
  <testcase classname="runner.LoginRunner" name="runScenario" time="0.435"/>
  <system-out/>
</testsuite> <!-- runner.LoginRunner -->
